Arguments: 
  /Users/eskpil/.nvm/versions/node/v15.5.0/bin/node /Users/eskpil/.nvm/versions/node/v15.5.0/bin/yarn add type-graphql express apollo-server-express @mikro-orm/core @mikro-orm/postgres apollo-server-express dataloader dotenv jsonwebtoken -D @types/node typescript nodemon ts-node @types/express @types/dotenv @types/jsonwebtoken

PATH: 
  /Users/eskpil/.nvm/versions/node/v15.5.0/bin:/usr/local/bin:/usr/bin:/bin:/usr/sbin:/sbin

Yarn version: 
  1.22.10

Node version: 
  15.5.0

Platform: 
  darwin x64

Trace: 
  Error: https://registry.yarnpkg.com/@mikro-orm%2fpostgres: Not found
      at Request.params.callback [as _callback] (/Users/eskpil/.nvm/versions/node/v15.5.0/lib/node_modules/yarn/lib/cli.js:66988:18)
      at Request.self.callback (/Users/eskpil/.nvm/versions/node/v15.5.0/lib/node_modules/yarn/lib/cli.js:140662:22)
      at Request.emit (node:events:376:20)
      at Request.<anonymous> (/Users/eskpil/.nvm/versions/node/v15.5.0/lib/node_modules/yarn/lib/cli.js:141634:10)
      at Request.emit (node:events:376:20)
      at IncomingMessage.<anonymous> (/Users/eskpil/.nvm/versions/node/v15.5.0/lib/node_modules/yarn/lib/cli.js:141556:12)
      at Object.onceWrapper (node:events:482:28)
      at IncomingMessage.emit (node:events:388:22)
      at endReadableNT (node:internal/streams/readable:1305:12)
      at processTicksAndRejections (node:internal/process/task_queues:80:21)

npm manifest: 
  {
    "name": "@geography/api",
    "version": "1.0.0",
    "main": "index.js",
    "license": "MIT"
  }

yarn manifest: 
  No manifest

Lockfile: 
  No lockfile
